n = 500, simulation time = 0.040509 seconds
n = 500,threads = 1, simulation time = 0.059351 seconds
n = 500,threads = 2, simulation time = 0.046531 seconds
n = 500,threads = 4, simulation time = 0.034627 seconds
n = 500,threads = 6, simulation time = 0.029881 seconds
n = 500,threads = 12, simulation time = 0.027011 seconds
n = 500,threads = 18, simulation time = 0.053463 seconds
n = 500,threads = 24, simulation time = 0.032935 seconds
n = 1000,threads = 2, simulation time = 0.093505 seconds
n = 2000,threads = 4, simulation time = 0.123663 seconds
n = 3000,threads = 6, simulation time = 0.145693 seconds
n = 6000,threads = 12, simulation time = 0.163464 seconds
n = 9000,threads = 18, simulation time = 0.342723 seconds
n = 12000,threads = 24, simulation time = 0.329113 seconds

Strong scaling estimates are :
    0.68    0.87    1.17    1.36    1.50    0.76    1.23 (speedup)
    0.68    0.44    0.29    0.23    0.12    0.04    0.05 (efficiency)    for
       1       2       4       6      12      18      24 threads/processors

Average strong scaling efficiency:    0.26 

Weak scaling estimates are :
    0.68    0.43    0.33    0.28    0.25    0.12    0.12 (efficiency)    for
       1       2       4       6      12      18      24 threads/processors

Average weak scaling efficiency:    0.32 

