n = 500, simulation time = 0.810377 seconds
n = 500, simulation time = 0.89084 seconds
n = 500, simulation time = 0.505702 seconds
n = 500, simulation time = 0.28908 seconds
n = 500, simulation time = 0.224172 seconds
n = 500, simulation time = 0.13524 seconds
n = 500, simulation time = 0.128231 seconds
n = 500, simulation time = 0.102659 seconds
n = 2000, simulation time = 3.61045 seconds
n = 3000, simulation time = 5.5267 seconds
n = 6000, simulation time = 11.199 seconds
n = 9000, simulation time = 16.8054 seconds
n = 12000, simulation time = 22.5837 seconds

Strong scaling estimates are :
    0.91    1.60    2.80    3.61    5.99    6.32 (speedup)
    0.91    0.80    0.70    0.60    0.50    0.35 (efficiency)    for
       1       2       4       6      12      18 threads/processors

Average strong scaling efficiency:    0.64 

Weak scaling estimates are :
    0.91    7.89    0.22    0.15    0.07    0.05 (efficiency)    for
       1       2       4       6      12      18 threads/processors

Average weak scaling efficiency:    1.55 

